# JRE version: Java(TM) SE Runtime Environment (18.0.1.1+2) (build 18.0.1.1+2-6)
# Java VM: Java HotSpot(TM) 64-Bit Server VM (18.0.1.1+2-6, mixed mode, emulated-client, sharing, tiered, compressed oops, compressed class ptrs, g1 gc, windows-amd64)
GC Precious Log:
 CardTable entry size: 512
 Card Set container configuration: InlinePtr #cards 5 size 8 Array Of Cards #cards 12 size 40 Howl #buckets 4 coarsen threshold 1843 Howl Bitmap #cards 512 size 80 coarsen threshold 460 Card regions per heap region 1 cards per card region 2048
 CPUs: 8 total, 8 available
 Memory: 7923M
 Large Page Support: Disabled
 NUMA Support: Disabled
 Compressed Oops: Enabled (32-bit)
 Heap Region Size: 1M
 Heap Min Capacity: 8M
 Heap Initial Capacity: 124M
 Heap Max Capacity: 1982M
 Pre-touch: Disabled
 Parallel Workers: 8
 Concurrent Workers: 2
 Concurrent Refinement Workers: 8
 Periodic GC: Disabled
Heap:
 garbage-first heap   total 71680K, used 50041K [0x0000000084200000, 0x0000000100000000)
  region size 1024K, 30 young (30720K), 4 survivors (4096K)
 Metaspace       used 58693K, committed 59136K, reserved 1114112K
  class space    used 7874K, committed 8064K, reserved 1048576K
GC Heap History (20 events):
Event: 2.699 GC heap before
{Heap before GC invocations=10 (full 0):
 garbage-first heap   total 102400K, used 52317K [0x0000000084200000, 0x0000000100000000)
  region size 1024K, 40 young (40960K), 6 survivors (6144K)
 Metaspace       used 35596K, committed 35968K, reserved 1114112K
  class space    used 4554K, committed 4736K, reserved 1048576K
}
Event: 2.703 GC heap after
{Heap after GC invocations=11 (full 0):
 garbage-first heap   total 102400K, used 18579K [0x0000000084200000, 0x0000000100000000)
  region size 1024K, 5 young (5120K), 5 survivors (5120K)
 Metaspace       used 35596K, committed 35968K, reserved 1114112K
  class space    used 4554K, committed 4736K, reserved 1048576K
}
Event: 3.020 GC heap before
{Heap before GC invocations=12 (full 0):
 garbage-first heap   total 75776K, used 74899K [0x0000000084200000, 0x0000000100000000)
  region size 1024K, 60 young (61440K), 5 survivors (5120K)
 Metaspace       used 41104K, committed 41536K, reserved 1114112K
  class space    used 5515K, committed 5696K, reserved 1048576K
}
Event: 3.024 GC heap after
{Heap after GC invocations=13 (full 0):
 garbage-first heap   total 80896K, used 19321K [0x0000000084200000, 0x0000000100000000)
  region size 1024K, 5 young (5120K), 5 survivors (5120K)
 Metaspace       used 41104K, committed 41536K, reserved 1114112K
  class space    used 5515K, committed 5696K, reserved 1048576K
}
Event: 3.229 GC heap before
{Heap before GC invocations=13 (full 0):
 garbage-first heap   total 80896K, used 61305K [0x0000000084200000, 0x0000000100000000)
  region size 1024K, 47 young (48128K), 5 survivors (5120K)
 Metaspace       used 45527K, committed 45952K, reserved 1114112K
  class space    used 6125K, committed 6336K, reserved 1048576K
}
Event: 3.233 GC heap after
{Heap after GC invocations=14 (full 0):
 garbage-first heap   total 80896K, used 20223K [0x0000000084200000, 0x0000000100000000)
  region size 1024K, 3 young (3072K), 3 survivors (3072K)
 Metaspace       used 45527K, committed 45952K, reserved 1114112K
  class space    used 6125K, committed 6336K, reserved 1048576K
}
Event: 3.518 GC heap before
{Heap before GC invocations=14 (full 0):
 garbage-first heap   total 80896K, used 65279K [0x0000000084200000, 0x0000000100000000)
  region size 1024K, 47 young (48128K), 3 survivors (3072K)
 Metaspace       used 49721K, committed 50176K, reserved 1114112K
  class space    used 6740K, committed 6912K, reserved 1048576K
}
Event: 3.521 GC heap after
{Heap after GC invocations=15 (full 0):
 garbage-first heap   total 97280K, used 21268K [0x0000000084200000, 0x0000000100000000)
  region size 1024K, 4 young (4096K), 4 survivors (4096K)
 Metaspace       used 49721K, committed 50176K, reserved 1114112K
  class space    used 6740K, committed 6912K, reserved 1048576K
}
Event: 3.927 GC heap before
{Heap before GC invocations=15 (full 0):
 garbage-first heap   total 97280K, used 75540K [0x0000000084200000, 0x0000000100000000)
  region size 1024K, 57 young (58368K), 4 survivors (4096K)
 Metaspace       used 53408K, committed 53952K, reserved 1114112K
  class space    used 7296K, committed 7552K, reserved 1048576K
}
Event: 3.934 GC heap after
{Heap after GC invocations=16 (full 0):
 garbage-first heap   total 97280K, used 24640K [0x0000000084200000, 0x0000000100000000)
  region size 1024K, 8 young (8192K), 8 survivors (8192K)
 Metaspace       used 53408K, committed 53952K, reserved 1114112K
  class space    used 7296K, committed 7552K, reserved 1048576K
}
Event: 89.567 GC heap before
{Heap before GC invocations=16 (full 0):
 garbage-first heap   total 97280K, used 73792K [0x0000000084200000, 0x0000000100000000)
  region size 1024K, 57 young (58368K), 8 survivors (8192K)
 Metaspace       used 58211K, committed 58752K, reserved 1114112K
  class space    used 7820K, committed 8064K, reserved 1048576K
}
Event: 89.576 GC heap after
{Heap after GC invocations=17 (full 0):
 garbage-first heap   total 97280K, used 27008K [0x0000000084200000, 0x0000000100000000)
  region size 1024K, 6 young (6144K), 6 survivors (6144K)
 Metaspace       used 58211K, committed 58752K, reserved 1114112K
  class space    used 7820K, committed 8064K, reserved 1048576K
}
Event: 343.167 GC heap before
{Heap before GC invocations=17 (full 0):
 garbage-first heap   total 97280K, used 36224K [0x0000000084200000, 0x0000000100000000)
  region size 1024K, 16 young (16384K), 6 survivors (6144K)
 Metaspace       used 58502K, committed 58944K, reserved 1114112K
  class space    used 7872K, committed 8064K, reserved 1048576K
}
Event: 343.200 GC heap after
{Heap after GC invocations=18 (full 1):
 garbage-first heap   total 71680K, used 18713K [0x0000000084200000, 0x0000000100000000)
  region size 1024K, 0 young (0K), 0 survivors (0K)
 Metaspace       used 58247K, committed 58944K, reserved 1114112K
  class space    used 7812K, committed 8064K, reserved 1048576K
}
Event: 344.282 GC heap before
{Heap before GC invocations=18 (full 1):
 garbage-first heap   total 71680K, used 54553K [0x0000000084200000, 0x0000000100000000)
  region size 1024K, 36 young (36864K), 0 survivors (0K)
 Metaspace       used 58376K, committed 58944K, reserved 1114112K
  class space    used 7843K, committed 8064K, reserved 1048576K
}
Event: 344.286 GC heap after
{Heap after GC invocations=19 (full 1):
 garbage-first heap   total 71680K, used 23083K [0x0000000084200000, 0x0000000100000000)
  region size 1024K, 5 young (5120K), 5 survivors (5120K)
 Metaspace       used 58376K, committed 58944K, reserved 1114112K
  class space    used 7843K, committed 8064K, reserved 1048576K
}
Event: 348.446 GC heap before
{Heap before GC invocations=19 (full 1):
 garbage-first heap   total 71680K, used 44587K [0x0000000084200000, 0x0000000100000000)
  region size 1024K, 27 young (27648K), 5 survivors (5120K)
 Metaspace       used 58592K, committed 59072K, reserved 1114112K
  class space    used 7873K, committed 8064K, reserved 1048576K
}
Event: 348.478 GC heap after
{Heap after GC invocations=20 (full 2):
 garbage-first heap   total 71680K, used 21075K [0x0000000084200000, 0x0000000100000000)
  region size 1024K, 0 young (0K), 0 survivors (0K)
 Metaspace       used 58530K, committed 59072K, reserved 1114112K
  class space    used 7859K, committed 8064K, reserved 1048576K
}
Event: 348.900 GC heap before
{Heap before GC invocations=20 (full 2):
 garbage-first heap   total 71680K, used 52819K [0x0000000084200000, 0x0000000100000000)
  region size 1024K, 32 young (32768K), 0 survivors (0K)
 Metaspace       used 58550K, committed 59072K, reserved 1114112K
  class space    used 7863K, committed 8064K, reserved 1048576K
}
Event: 348.903 GC heap after
{Heap after GC invocations=21 (full 2):
 garbage-first heap   total 71680K, used 24441K [0x0000000084200000, 0x0000000100000000)
  region size 1024K, 4 young (4096K), 4 survivors (4096K)
 Metaspace       used 58550K, committed 59072K, reserved 1114112K
  class space    used 7863K, committed 8064K, reserved 1048576K
}

